<?xml version="1.0" encoding="UTF-8"?>
<testng-results ignored="0" total="8" passed="8" failed="0" skipped="0">
  <reporter-output>
  </reporter-output>
  <suite started-at="2026-02-08T20:17:53 EET" name="Default suite" finished-at="2026-02-08T20:18:28 EET" duration-ms="35601">
    <groups>
    </groups>
    <test started-at="2026-02-08T20:17:53 EET" name="Default test" finished-at="2026-02-08T20:18:28 EET" duration-ms="35601">
      <class name="SauceDemo.MyTestCases">
        <test-method is-config="true" signature="mySetUp()[pri:0, instance:SauceDemo.MyTestCases@44e3a2b2]" started-at="2026-02-08T20:17:53 EET" name="mySetUp" finished-at="2026-02-08T20:17:56 EET" duration-ms="3019" status="PASS">
          <reporter-output>
          </reporter-output>
        </test-method> <!-- mySetUp -->
        <test-method signature="login()[pri:1, instance:SauceDemo.MyTestCases@44e3a2b2]" started-at="2026-02-08T20:17:56 EET" name="login" finished-at="2026-02-08T20:17:57 EET" duration-ms="1040" status="PASS">
          <reporter-output>
          </reporter-output>
        </test-method> <!-- login -->
        <test-method is-config="true" signature="takeScreenshotOnFailure(org.testng.ITestResult)[pri:0, instance:SauceDemo.MyTestCases@44e3a2b2]" started-at="2026-02-08T20:17:57 EET" name="takeScreenshotOnFailure" finished-at="2026-02-08T20:17:57 EET" duration-ms="6" status="PASS">
          <params>
            <param index="0">
              <value>
                <![CDATA[[TestResult name=login status=SUCCESS method=MyTestCases.login()[pri:1, instance:SauceDemo.MyTestCases@44e3a2b2] output={null}]]]>
              </value>
            </param>
          </params>
          <reporter-output>
          </reporter-output>
        </test-method> <!-- takeScreenshotOnFailure -->
        <test-method signature="aDDTocartbtn()[pri:2, instance:SauceDemo.MyTestCases@44e3a2b2]" started-at="2026-02-08T20:17:57 EET" name="aDDTocartbtn" finished-at="2026-02-08T20:17:58 EET" duration-ms="965" status="PASS">
          <reporter-output>
          </reporter-output>
        </test-method> <!-- aDDTocartbtn -->
        <test-method is-config="true" signature="takeScreenshotOnFailure(org.testng.ITestResult)[pri:0, instance:SauceDemo.MyTestCases@44e3a2b2]" started-at="2026-02-08T20:17:58 EET" name="takeScreenshotOnFailure" finished-at="2026-02-08T20:17:58 EET" duration-ms="0" status="PASS">
          <params>
            <param index="0">
              <value>
                <![CDATA[[TestResult name=aDDTocartbtn status=SUCCESS method=MyTestCases.aDDTocartbtn()[pri:2, instance:SauceDemo.MyTestCases@44e3a2b2] output={null}]]]>
              </value>
            </param>
          </params>
          <reporter-output>
          </reporter-output>
        </test-method> <!-- takeScreenshotOnFailure -->
        <test-method signature="removebtn()[pri:3, instance:SauceDemo.MyTestCases@44e3a2b2]" started-at="2026-02-08T20:17:58 EET" name="removebtn" finished-at="2026-02-08T20:18:01 EET" duration-ms="3753" status="PASS">
          <reporter-output>
          </reporter-output>
        </test-method> <!-- removebtn -->
        <test-method is-config="true" signature="takeScreenshotOnFailure(org.testng.ITestResult)[pri:0, instance:SauceDemo.MyTestCases@44e3a2b2]" started-at="2026-02-08T20:18:01 EET" name="takeScreenshotOnFailure" finished-at="2026-02-08T20:18:01 EET" duration-ms="30" status="PASS">
          <params>
            <param index="0">
              <value>
                <![CDATA[[TestResult name=removebtn status=SUCCESS method=MyTestCases.removebtn()[pri:3, instance:SauceDemo.MyTestCases@44e3a2b2] output={null}]]]>
              </value>
            </param>
          </params>
          <reporter-output>
          </reporter-output>
        </test-method> <!-- takeScreenshotOnFailure -->
        <test-method signature="sorting()[pri:4, instance:SauceDemo.MyTestCases@44e3a2b2]" started-at="2026-02-08T20:18:01 EET" name="sorting" finished-at="2026-02-08T20:18:06 EET" duration-ms="4457" status="PASS">
          <reporter-output>
          </reporter-output>
        </test-method> <!-- sorting -->
        <test-method is-config="true" signature="takeScreenshotOnFailure(org.testng.ITestResult)[pri:0, instance:SauceDemo.MyTestCases@44e3a2b2]" started-at="2026-02-08T20:18:06 EET" name="takeScreenshotOnFailure" finished-at="2026-02-08T20:18:06 EET" duration-ms="3" status="PASS">
          <params>
            <param index="0">
              <value>
                <![CDATA[[TestResult name=sorting status=SUCCESS method=MyTestCases.sorting()[pri:4, instance:SauceDemo.MyTestCases@44e3a2b2] output={null}]]]>
              </value>
            </param>
          </params>
          <reporter-output>
          </reporter-output>
        </test-method> <!-- takeScreenshotOnFailure -->
        <test-method signature="cArt()[pri:5, instance:SauceDemo.MyTestCases@44e3a2b2]" started-at="2026-02-08T20:18:06 EET" name="cArt" finished-at="2026-02-08T20:18:08 EET" duration-ms="2187" status="PASS">
          <reporter-output>
          </reporter-output>
        </test-method> <!-- cArt -->
        <test-method signature="yourINFO()[pri:6, instance:SauceDemo.MyTestCases@44e3a2b2]" started-at="2026-02-08T20:18:08 EET" name="yourINFO" finished-at="2026-02-08T20:18:16 EET" duration-ms="7751" status="PASS">
          <reporter-output>
          </reporter-output>
        </test-method> <!-- yourINFO -->
        <test-method is-config="true" signature="takeScreenshotOnFailure(org.testng.ITestResult)[pri:0, instance:SauceDemo.MyTestCases@44e3a2b2]" started-at="2026-02-08T20:18:08 EET" name="takeScreenshotOnFailure" finished-at="2026-02-08T20:18:08 EET" duration-ms="0" status="PASS">
          <params>
            <param index="0">
              <value>
                <![CDATA[[TestResult name=cArt status=SUCCESS method=MyTestCases.cArt()[pri:5, instance:SauceDemo.MyTestCases@44e3a2b2] output={null}]]]>
              </value>
            </param>
          </params>
          <reporter-output>
          </reporter-output>
        </test-method> <!-- takeScreenshotOnFailure -->
        <test-method signature="addanotherprodect()[pri:7, instance:SauceDemo.MyTestCases@44e3a2b2]" started-at="2026-02-08T20:18:16 EET" name="addanotherprodect" finished-at="2026-02-08T20:18:24 EET" duration-ms="8279" status="PASS">
          <reporter-output>
          </reporter-output>
        </test-method> <!-- addanotherprodect -->
        <test-method is-config="true" signature="takeScreenshotOnFailure(org.testng.ITestResult)[pri:0, instance:SauceDemo.MyTestCases@44e3a2b2]" started-at="2026-02-08T20:18:16 EET" name="takeScreenshotOnFailure" finished-at="2026-02-08T20:18:16 EET" duration-ms="0" status="PASS">
          <params>
            <param index="0">
              <value>
                <![CDATA[[TestResult name=yourINFO status=SUCCESS method=MyTestCases.yourINFO()[pri:6, instance:SauceDemo.MyTestCases@44e3a2b2] output={null}]]]>
              </value>
            </param>
          </params>
          <reporter-output>
          </reporter-output>
        </test-method> <!-- takeScreenshotOnFailure -->
        <test-method is-config="true" signature="takeScreenshotOnFailure(org.testng.ITestResult)[pri:0, instance:SauceDemo.MyTestCases@44e3a2b2]" started-at="2026-02-08T20:18:24 EET" name="takeScreenshotOnFailure" finished-at="2026-02-08T20:18:24 EET" duration-ms="2" status="PASS">
          <params>
            <param index="0">
              <value>
                <![CDATA[[TestResult name=addanotherprodect status=SUCCESS method=MyTestCases.addanotherprodect()[pri:7, instance:SauceDemo.MyTestCases@44e3a2b2] output={null}]]]>
              </value>
            </param>
          </params>
          <reporter-output>
          </reporter-output>
        </test-method> <!-- takeScreenshotOnFailure -->
        <test-method signature="logout()[pri:8, instance:SauceDemo.MyTestCases@44e3a2b2]" started-at="2026-02-08T20:18:24 EET" name="logout" finished-at="2026-02-08T20:18:28 EET" duration-ms="3454" status="PASS">
          <reporter-output>
          </reporter-output>
        </test-method> <!-- logout -->
        <test-method is-config="true" signature="AfterMyTest()[pri:0, instance:SauceDemo.MyTestCases@44e3a2b2]" started-at="2026-02-08T20:18:28 EET" name="AfterMyTest" finished-at="2026-02-08T20:18:28 EET" duration-ms="562" status="PASS">
          <reporter-output>
          </reporter-output>
        </test-method> <!-- AfterMyTest -->
        <test-method is-config="true" signature="takeScreenshotOnFailure(org.testng.ITestResult)[pri:0, instance:SauceDemo.MyTestCases@44e3a2b2]" started-at="2026-02-08T20:18:28 EET" name="takeScreenshotOnFailure" finished-at="2026-02-08T20:18:28 EET" duration-ms="0" status="PASS">
          <params>
            <param index="0">
              <value>
                <![CDATA[[TestResult name=logout status=SUCCESS method=MyTestCases.logout()[pri:8, instance:SauceDemo.MyTestCases@44e3a2b2] output={null}]]]>
              </value>
            </param>
          </params>
          <reporter-output>
          </reporter-output>
        </test-method> <!-- takeScreenshotOnFailure -->
      </class> <!-- SauceDemo.MyTestCases -->
    </test> <!-- Default test -->
  </suite> <!-- Default suite -->
</testng-results>
