<?xml version="1.0" encoding="UTF-8"?>
<!-- Generated by org.testng.reporters.JUnitReportReporter -->
<testsuite hostname="DESKTOP-666PQBA" failures="0" tests="8" name="SauceDemo.MyTestCases" time="31.927" errors="0" timestamp="2026-02-08T20:18:29 EET" skipped="0">
  <testcase classname="SauceDemo.MyTestCases" name="login" time="1.046"/>
  <testcase classname="SauceDemo.MyTestCases" name="aDDTocartbtn" time="0.965"/>
  <testcase classname="SauceDemo.MyTestCases" name="removebtn" time="3.753"/>
  <testcase classname="SauceDemo.MyTestCases" name="sorting" time="4.487"/>
  <testcase classname="SauceDemo.MyTestCases" name="cArt" time="2.190"/>
  <testcase classname="SauceDemo.MyTestCases" name="yourINFO" time="7.751"/>
  <testcase classname="SauceDemo.MyTestCases" name="addanotherprodect" time="8.279"/>
  <testcase classname="SauceDemo.MyTestCases" name="logout" time="3.456"/>
</testsuite> <!-- SauceDemo.MyTestCases -->
