<?xml version="1.0" encoding="UTF-8"?>
<!-- Generated by org.testng.reporters.JUnitXMLReporter -->
<testsuite ignored="0" hostname="DESKTOP-666PQBA" failures="0" tests="8" name="Test3" time="31.369" errors="0" timestamp="2026-01-21T21:18:42 EET">
  <testcase classname="SauceDemo.MyTestCases" name="login" time="0.678"/>
  <testcase classname="SauceDemo.MyTestCases" name="aDDTocartbtn" time="1.048"/>
  <testcase classname="SauceDemo.MyTestCases" name="removebtn" time="3.354"/>
  <testcase classname="SauceDemo.MyTestCases" name="sorting" time="4.345"/>
  <testcase classname="SauceDemo.MyTestCases" name="cArt" time="2.223"/>
  <testcase classname="SauceDemo.MyTestCases" name="yourINFO" time="4.847"/>
  <testcase classname="SauceDemo.MyTestCases" name="addanotherprodect" time="8.62"/>
  <testcase classname="SauceDemo.MyTestCases" name="logout" time="3.409"/>
</testsuite> <!-- Test3 -->
