<?xml version="1.0" encoding="UTF-8"?>
<!-- Generated by org.testng.reporters.JUnitXMLReporter -->
<testsuite ignored="0" hostname="DESKTOP-666PQBA" failures="0" tests="8" name="Default test" time="38.521" errors="0" timestamp="2026-02-04T17:20:18 EET">
  <testcase classname="SauceDemo.MyTestCases" name="login" time="1.114"/>
  <testcase classname="SauceDemo.MyTestCases" name="aDDTocartbtn" time="1.333"/>
  <testcase classname="SauceDemo.MyTestCases" name="removebtn" time="4.118"/>
  <testcase classname="SauceDemo.MyTestCases" name="sorting" time="4.88"/>
  <testcase classname="SauceDemo.MyTestCases" name="cArt" time="2.291"/>
  <testcase classname="SauceDemo.MyTestCases" name="yourINFO" time="5.921"/>
  <testcase classname="SauceDemo.MyTestCases" name="addanotherprodect" time="9.418"/>
  <testcase classname="SauceDemo.MyTestCases" name="logout" time="4.817"/>
</testsuite> <!-- Default test -->
