<?xml version="1.0" encoding="UTF-8"?>
<!-- Generated by org.testng.reporters.JUnitXMLReporter -->
<testsuite ignored="0" hostname="DESKTOP-666PQBA" failures="0" tests="8" name="Default test" time="35.601" errors="0" timestamp="2026-02-08T20:18:28 EET">
  <testcase classname="SauceDemo.MyTestCases" name="login" time="1.04"/>
  <testcase classname="SauceDemo.MyTestCases" name="aDDTocartbtn" time="0.965"/>
  <testcase classname="SauceDemo.MyTestCases" name="removebtn" time="3.753"/>
  <testcase classname="SauceDemo.MyTestCases" name="sorting" time="4.457"/>
  <testcase classname="SauceDemo.MyTestCases" name="cArt" time="2.187"/>
  <testcase classname="SauceDemo.MyTestCases" name="yourINFO" time="7.751"/>
  <testcase classname="SauceDemo.MyTestCases" name="addanotherprodect" time="8.279"/>
  <testcase classname="SauceDemo.MyTestCases" name="logout" time="3.454"/>
</testsuite> <!-- Default test -->
