<?xml version="1.0" encoding="UTF-8"?>
<!-- Generated by org.testng.reporters.JUnitXMLReporter -->
<testsuite ignored="0" hostname="DESKTOP-666PQBA" failures="0" tests="8" name="Test8" time="31.451" errors="0" timestamp="2026-01-21T21:14:23 EET">
  <testcase classname="SauceDemo.MyTestCases" name="login" time="0.751"/>
  <testcase classname="SauceDemo.MyTestCases" name="aDDTocartbtn" time="1.079"/>
  <testcase classname="SauceDemo.MyTestCases" name="removebtn" time="3.452"/>
  <testcase classname="SauceDemo.MyTestCases" name="sorting" time="4.405"/>
  <testcase classname="SauceDemo.MyTestCases" name="cArt" time="2.204"/>
  <testcase classname="SauceDemo.MyTestCases" name="yourINFO" time="4.702"/>
  <testcase classname="SauceDemo.MyTestCases" name="addanotherprodect" time="8.474"/>
  <testcase classname="SauceDemo.MyTestCases" name="logout" time="3.583"/>
</testsuite> <!-- Test8 -->
