<?xml version="1.0" encoding="UTF-8"?>
<!-- Generated by org.testng.reporters.JUnitXMLReporter -->
<testsuite ignored="0" hostname="DESKTOP-666PQBA" failures="0" tests="8" name="Test6" time="33.145" errors="0" timestamp="2026-01-21T21:13:18 EET">
  <testcase classname="SauceDemo.MyTestCases" name="login" time="1.043"/>
  <testcase classname="SauceDemo.MyTestCases" name="aDDTocartbtn" time="1.59"/>
  <testcase classname="SauceDemo.MyTestCases" name="removebtn" time="3.508"/>
  <testcase classname="SauceDemo.MyTestCases" name="sorting" time="4.503"/>
  <testcase classname="SauceDemo.MyTestCases" name="cArt" time="2.292"/>
  <testcase classname="SauceDemo.MyTestCases" name="yourINFO" time="5.123"/>
  <testcase classname="SauceDemo.MyTestCases" name="addanotherprodect" time="8.489"/>
  <testcase classname="SauceDemo.MyTestCases" name="logout" time="3.576"/>
</testsuite> <!-- Test6 -->
