<?xml version="1.0" encoding="UTF-8"?>
<!-- Generated by org.testng.reporters.JUnitXMLReporter -->
<testsuite ignored="0" hostname="DESKTOP-666PQBA" failures="0" tests="4" name="Test" time="3.104" errors="0" timestamp="2025-11-23T19:14:27 EET">
  <testcase classname="SauceDemo.MyTestCases" name="Login" time="0.636"/>
  <testcase classname="SauceDemo.MyTestCases" name="Addtothecart" time="0.174"/>
  <testcase classname="SauceDemo.MyTestCases" name="Removefromcart" time="0.184"/>
  <testcase classname="SauceDemo.MyTestCases" name="checkout" time="0.971"/>
</testsuite> <!-- Test -->
